<?xml version="1.0" encoding="UTF-8"?>
<!-- Generated by org.testng.reporters.JUnitReportReporter -->
<testsuite skipped="0" hostname="IBM-Testing01" name="DemoWbShopTEST.FindByDEMO_Login" tests="1" failures="0" timestamp="05 Mar 2020 09:09:26 GMT" time="12.117" errors="0">
  <testcase name="checkLogin" time="12.117" classname="DemoWbShopTEST.FindByDEMO_Login"/>
</testsuite> <!-- DemoWbShopTEST.FindByDEMO_Login -->
