<?xml version="1.0" encoding="UTF-8"?>
<!-- Generated by org.testng.reporters.JUnitReportReporter -->
<testsuite skipped="0" hostname="IBM-Testing01" name="DemoWbShopTEST.VerifyRegister" tests="1" failures="0" timestamp="05 Mar 2020 06:04:38 GMT" time="12.032" errors="0">
  <testcase name="checkLogin" time="12.032" classname="DemoWbShopTEST.VerifyRegister"/>
</testsuite> <!-- DemoWbShopTEST.VerifyRegister -->
