<?xml version="1.0" encoding="UTF-8"?>
<!-- Generated by org.testng.reporters.JUnitReportReporter -->
<testsuite skipped="0" hostname="IBM-Testing01" name="DemoWbShopTEST.VerifyLogin" tests="1" failures="0" timestamp="05 Mar 2020 04:58:12 GMT" time="11.925" errors="0">
  <testcase name="checkLogin" time="11.925" classname="DemoWbShopTEST.VerifyLogin"/>
</testsuite> <!-- DemoWbShopTEST.VerifyLogin -->
